Arguments: 
  /home/mcostero/.nvm/versions/node/v6.10.3/bin/node /usr/share/yarn/bin/yarn.js add express paypal-rest-sdk

PATH: 
  /home/mcostero/.nvm/versions/node/v6.10.3/bin:/home/mcostero/.local/share/umake/go/go-lang/bin:/home/mcostero/.local/share/umake/bin:/home/mcostero/bin:/home/mcostero/.local/bin:/usr/local/sbin:/usr/local/bin:/usr/sbin:/usr/bin:/sbin:/bin:/usr/games:/usr/local/games

Yarn version: 
  0.24.5

Node version: 
  6.10.3

Platform: 
  linux x64

npm manifest: 
  {
    "name": "paypal",
    "version": "0.0.1",
    "description": "Paypal payment gateway for Insiginia Payment Solutions",
    "main": "server.js",
    "scripts": {
      "test": "echo \"Error: no test specified\" && exit 1"
    },
    "author": "Insigina Mobile Communications, C.A.",
    "license": "UNLICENSED"
  }

yarn manifest: 
  No manifest

Lockfile: 
  No lockfile

Trace: 
  Error: https://registry.yarnpkg.com/express: ETIMEDOUT
      at Timeout._onTimeout (/usr/share/yarn/lib/yarn-cli.js:108501:19)
      at ontimeout (timers.js:386:14)
      at tryOnTimeout (timers.js:250:5)
      at Timer.listOnTimeout (timers.js:214:5)
